<?xml version="1.0" encoding="UTF-8"?>
<!-- Generated by org.testng.reporters.JUnitReportReporter -->
<testsuite hostname="DESKTOP-BE28GOO" failures="0" tests="3" name="com.automation.practice.TestPages.ContactsPageTest" time="62.546" errors="0" timestamp="2021-06-07T22:32:44 IST" skipped="0">
  <testcase classname="com.automation.practice.TestPages.ContactsPageTest" name="contactfillForm" time="18.312"/>
  <system-out/>
  <testcase classname="com.automation.practice.TestPages.ContactsPageTest" name="contactfillForm" time="20.183"/>
  <system-out/>
  <testcase classname="com.automation.practice.TestPages.ContactsPageTest" name="contactfillForm" time="24.051"/>
  <system-out/>
</testsuite> <!-- com.automation.practice.TestPages.ContactsPageTest -->
