<?xml version="1.0" encoding="UTF-8"?>
<!-- Generated by org.testng.reporters.JUnitReportReporter -->
<testsuite hostname="DESKTOP-BE28GOO" failures="0" tests="1" name="com.automation.practice.Testpages.IndexTest" time="17.149" errors="0" timestamp="2022-02-18T20:04:47 IST" skipped="0">
  <testcase classname="com.automation.practice.Testpages.IndexTest" name="validateTitle" time="17.149"/>
  <system-out/>
</testsuite> <!-- com.automation.practice.Testpages.IndexTest -->
